<?xml version="1.0" encoding="UTF-8"?>
<!-- Generated by org.testng.reporters.JUnitXMLReporter -->
<testsuite hostname="DESKTOP-320Q1I8" name="Test" tests="1" failures="0" timestamp="14 Feb 2021 16:51:31 GMT" time="0.119" errors="0">
  <testcase name="@BeforeClass setUpClass" time="0.0" classname="tt.runners.RunnerClass">
    <failure type="cucumber.runtime.CucumberException" message="Couldn&amp;apos;t load plugin class: com.cucumber,listener.ExtentCucumberFormatter">
      <![CDATA[cucumber.runtime.CucumberException: Couldn't load plugin class: com.cucumber,listener.ExtentCucumberFormatter
	at cucumber.runtime.formatter.PluginFactory.loadClass(PluginFactory.java:175)
	at cucumber.runtime.formatter.PluginFactory.pluginClass(PluginFactory.java:165)
	at cucumber.runtime.formatter.PluginFactory.getPluginClass(PluginFactory.java:226)
	at cucumber.runtime.formatter.PluginFactory.isFormatterName(PluginFactory.java:195)
	at cucumber.runtime.RuntimeOptionsFactory.addPlugins(RuntimeOptionsFactory.java:89)
	at cucumber.runtime.RuntimeOptionsFactory.buildArgsFromOptions(RuntimeOptionsFactory.java:37)
	at cucumber.runtime.RuntimeOptionsFactory.create(RuntimeOptionsFactory.java:24)
	at cucumber.api.testng.TestNGCucumberRunner.<init>(TestNGCucumberRunner.java:37)
	at cucumber.api.testng.AbstractTestNGCucumberTests.setUpClass(AbstractTestNGCucumberTests.java:16)
Caused by: java.lang.ClassNotFoundException: com.cucumber,listener.ExtentCucumberFormatter
	at java.net.URLClassLoader.findClass(URLClassLoader.java:382)
	at java.lang.ClassLoader.loadClass(ClassLoader.java:418)
	at sun.misc.Launcher$AppClassLoader.loadClass(Launcher.java:355)
	at java.lang.ClassLoader.loadClass(ClassLoader.java:351)
	at cucumber.runtime.formatter.PluginFactory.loadClass(PluginFactory.java:173)
	... 32 more
... Removed 24 stack frames]]>
    </failure>
  </testcase> <!-- @BeforeClass setUpClass -->
  <testcase name="@AfterClass writeExtentReport" time="0.0" classname="tt.runners.RunnerClass">
    <skipped/>
  </testcase> <!-- @AfterClass writeExtentReport -->
  <testcase name="@AfterClass tearDownClass" time="0.0" classname="tt.runners.RunnerClass">
    <skipped/>
  </testcase> <!-- @AfterClass tearDownClass -->
  <testcase name="feature" time="0.003" classname="tt.runners.RunnerClass">
    <skipped/>
  </testcase> <!-- feature -->
</testsuite> <!-- Test -->
